[debug] [2021-09-15T04:58:44.739Z] ----------------------------------------------------------------------
[debug] [2021-09-15T04:58:44.741Z] Command:       C:\Program Files\nodejs\node.exe C:\Users\ASIBUR RAHMAN\AppData\Roaming\npm\node_modules\firebase-tools\lib\bin\firebase.js init
[debug] [2021-09-15T04:58:44.742Z] CLI Version:   9.18.0
[debug] [2021-09-15T04:58:44.742Z] Platform:      win32
[debug] [2021-09-15T04:58:44.742Z] Node Version:  v14.17.3
[debug] [2021-09-15T04:58:44.743Z] Time:          Wed Sep 15 2021 10:58:44 GMT+0600 (Bangladesh Standard Time)
[debug] [2021-09-15T04:58:44.743Z] ----------------------------------------------------------------------
[debug] 
[debug] [2021-09-15T04:58:44.750Z] > command requires scopes: ["email","openid","https://www.googleapis.com/auth/cloudplatformprojects.readonly","https://www.googleapis.com/auth/firebase","https://www.googleapis.com/auth/cloud-platform"]
[debug] [2021-09-15T04:58:44.750Z] > authorizing via signed-in user (asiburrahman444@gmail.com)
[info] 
     ######## #### ########  ######## ########     ###     ######  ########
     ##        ##  ##     ## ##       ##     ##  ##   ##  ##       ##
     ######    ##  ########  ######   ########  #########  ######  ######
     ##        ##  ##    ##  ##       ##     ## ##     ##       ## ##
     ##       #### ##     ## ######## ########  ##     ##  ######  ########

You're about to initialize a Firebase project in this directory:

  C:\web development\travel-guru-assignment

Before we get started, keep in mind:

  * You are currently outside your home directory

[debug] [2021-09-15T05:00:05.653Z] ----------------------------------------------------------------------
[debug] [2021-09-15T05:00:05.655Z] Command:       C:\Program Files\nodejs\node.exe C:\Users\ASIBUR RAHMAN\AppData\Roaming\npm\node_modules\firebase-tools\lib\bin\firebase.js deploy
[debug] [2021-09-15T05:00:05.655Z] CLI Version:   9.18.0
[debug] [2021-09-15T05:00:05.655Z] Platform:      win32
[debug] [2021-09-15T05:00:05.655Z] Node Version:  v14.17.3
[debug] [2021-09-15T05:00:05.656Z] Time:          Wed Sep 15 2021 11:00:05 GMT+0600 (Bangladesh Standard Time)
[debug] [2021-09-15T05:00:05.656Z] ----------------------------------------------------------------------
[debug] 
[error] 
[error] Error: Not in a Firebase app directory (could not locate firebase.json)
